front-end/umgrade/app/build/intermediates/manifest_merge_blame_file/debug/manifest-merger-blame-debug-report.txt
1<?xml version="1.0" encoding="utf-8"?>
2<manifest xmlns:android="http://schemas.android.com/apk/res/android"
3    package="com.example.umgrade"
4    android:versionCode="1"
5    android:versionName="1.0" >
6
7    <uses-sdk
8        android:minSdkVersion="21"
8-->src\main\AndroidManifest.xml
9        android:targetSdkVersion="32" />
9-->src\main\AndroidManifest.xml
10    <!-- 인터넷 권한 설정 -->
11    <uses-permission android:name="android.permission.INTERNET" />
11-->src\main\AndroidManifest.xml:6:5-67
11-->src\main\AndroidManifest.xml:6:22-64
12    <!-- 지도 API 권한 설정 -->
13    <uses-permission android:name="android.permission.ACCESS_COARSE_LOCATION" />
13-->src\main\AndroidManifest.xml:8:5-81
13-->src\main\AndroidManifest.xml:8:22-78
14    <uses-permission android:name="android.permission.ACCESS_FINE_LOCATION" />
14-->src\main\AndroidManifest.xml:9:5-79
14-->src\main\AndroidManifest.xml:9:22-76
15    <uses-permission android:name="android.permission.ACCESS_BACKGROUND_LOCATION" />
15-->src\main\AndroidManifest.xml:10:5-85
15-->src\main\AndroidManifest.xml:10:22-82
16    <!-- 카메라, 저장소 권한 설정 -->
17    <uses-permission android:name="android.permission.CAMERA" />
17-->src\main\AndroidManifest.xml:12:5-65
17-->src\main\AndroidManifest.xml:12:22-62
18    <uses-permission android:name="android.permission.WRITE_EXTERNAL_STORAGE" />
18-->src\main\AndroidManifest.xml:13:5-81
18-->src\main\AndroidManifest.xml:13:22-78
19    <uses-permission android:name="android.permission.READ_EXTERNAL_STORAGE" />
19-->src\main\AndroidManifest.xml:14:5-80
19-->src\main\AndroidManifest.xml:14:22-77
20
21    <uses-feature
21-->src\main\AndroidManifest.xml:16:5-18:36
22        android:name="android.hardware.camera"
22-->src\main\AndroidManifest.xml:17:9-47
23        android:required="false" />
23-->src\main\AndroidManifest.xml:18:9-33
24    <uses-feature
24-->src\main\AndroidManifest.xml:19:5-21:36
25        android:name="android.hardware.camera.autofocus"
25-->src\main\AndroidManifest.xml:20:9-57
26        android:required="false" />
26-->src\main\AndroidManifest.xml:21:9-33
27    <uses-feature
27-->src\main\AndroidManifest.xml:22:5-24:36
28        android:name="android.hardware.camera.flash"
28-->src\main\AndroidManifest.xml:23:9-53
29        android:required="false" />
29-->src\main\AndroidManifest.xml:24:9-33
30    <uses-feature
30-->src\main\AndroidManifest.xml:25:5-27:36
31        android:name="android.hardware.camera.front"
31-->src\main\AndroidManifest.xml:26:9-53
32        android:required="false" />
32-->src\main\AndroidManifest.xml:27:9-33
33
34    <!-- Although the *SdkVersion is captured in gradle build files, this is required for non gradle builds -->
35    <!-- <uses-sdk android:minSdkVersion="14" /> -->
36    <uses-permission android:name="android.permission.ACCESS_NETWORK_STATE" />
36-->[com.google.firebase:firebase-firestore:24.1.2] AndroidManifest.xml:13:5-79
36-->[com.google.firebase:firebase-firestore:24.1.2] AndroidManifest.xml:13:22-76
37
38    <uses-feature
38-->[com.journeyapps:zxing-android-embedded:4.3.0] AndroidManifest.xml:39:5-41:36
39        android:name="android.hardware.screen.landscape"
39-->[com.journeyapps:zxing-android-embedded:4.3.0] AndroidManifest.xml:40:9-57
40        android:required="false" />
40-->[com.journeyapps:zxing-android-embedded:4.3.0] AndroidManifest.xml:41:9-33
41    <uses-feature
41-->[com.journeyapps:zxing-android-embedded:4.3.0] AndroidManifest.xml:42:5-44:36
42        android:name="android.hardware.wifi"
42-->[com.journeyapps:zxing-android-embedded:4.3.0] AndroidManifest.xml:43:9-45
43        android:required="false" /> <!-- 카카오지도 네이티브 엡키 -->
43-->[com.journeyapps:zxing-android-embedded:4.3.0] AndroidManifest.xml:44:9-33
44    <application
44-->src\main\AndroidManifest.xml:31:5-101:19
45        android:allowBackup="true"
45-->src\main\AndroidManifest.xml:32:9-35
46        android:appComponentFactory="androidx.core.app.CoreComponentFactory"
46-->[androidx.core:core:1.7.0] AndroidManifest.xml:24:18-86
47        android:debuggable="true"
48        android:hardwareAccelerated="true"
48-->src\main\AndroidManifest.xml:33:9-43
49        android:icon="@mipmap/ic_launcher"
49-->src\main\AndroidManifest.xml:34:9-43
50        android:label="umgrade"
50-->src\main\AndroidManifest.xml:35:9-32
51        android:roundIcon="@mipmap/ic_launcher_round"
51-->src\main\AndroidManifest.xml:36:9-54
52        android:supportsRtl="true"
52-->src\main\AndroidManifest.xml:37:9-35
53        android:testOnly="true"
54        android:theme="@style/Theme.Umgrade"
54-->src\main\AndroidManifest.xml:38:9-45
55        android:usesCleartextTraffic="true" >
55-->src\main\AndroidManifest.xml:39:9-44
56        <meta-data
56-->src\main\AndroidManifest.xml:41:9-43:64
57            android:name="com.kakao.sdk.AppKey"
57-->src\main\AndroidManifest.xml:42:13-48
58            android:value="49ef1afb711e53c2c92c917ccb2d1f7a" />
58-->src\main\AndroidManifest.xml:43:13-61
59
60        <activity
60-->src\main\AndroidManifest.xml:45:9-49:49
61            android:name="com.example.umgrade.QrActivity"
61-->src\main\AndroidManifest.xml:46:13-39
62            android:exported="false"
62-->src\main\AndroidManifest.xml:47:13-37
63            android:screenOrientation="fullSensor" />
63-->src\main\AndroidManifest.xml:48:13-51
64        <activity
64-->src\main\AndroidManifest.xml:50:9-52:40
65            android:name="com.example.umgrade.CommentActivity"
65-->src\main\AndroidManifest.xml:51:13-44
66            android:exported="false" />
66-->src\main\AndroidManifest.xml:52:13-37
67        <activity
67-->src\main\AndroidManifest.xml:53:9-55:40
68            android:name="com.example.umgrade.FareActivity"
68-->src\main\AndroidManifest.xml:54:13-41
69            android:exported="false" />
69-->src\main\AndroidManifest.xml:55:13-37
70        <activity
70-->src\main\AndroidManifest.xml:56:9-58:40
71            android:name="com.example.umgrade.SupportActivity"
71-->src\main\AndroidManifest.xml:57:13-44
72            android:exported="false" />
72-->src\main\AndroidManifest.xml:58:13-37
73        <activity
73-->src\main\AndroidManifest.xml:59:9-61:40
74            android:name="com.example.umgrade.MapActivity"
74-->src\main\AndroidManifest.xml:60:13-40
75            android:exported="false" />
75-->src\main\AndroidManifest.xml:61:13-37
76        <activity
76-->src\main\AndroidManifest.xml:62:9-64:40
77            android:name="com.example.umgrade.MainActivity"
77-->src\main\AndroidManifest.xml:63:13-41
78            android:exported="false" />
78-->src\main\AndroidManifest.xml:64:13-37
79        <activity
79-->src\main\AndroidManifest.xml:65:9-67:40
80            android:name="com.example.umgrade.EventPostActivity"
80-->src\main\AndroidManifest.xml:66:13-46
81            android:exported="false" />
81-->src\main\AndroidManifest.xml:67:13-37
82        <activity
82-->src\main\AndroidManifest.xml:68:9-70:40
83            android:name="com.example.umgrade.NoticePostActivity"
83-->src\main\AndroidManifest.xml:69:13-47
84            android:exported="false" />
84-->src\main\AndroidManifest.xml:70:13-37
85        <activity
85-->src\main\AndroidManifest.xml:71:9-73:40
86            android:name="com.example.umgrade.NoticeActivity"
86-->src\main\AndroidManifest.xml:72:13-43
87            android:exported="false" />
87-->src\main\AndroidManifest.xml:73:13-37
88        <activity
88-->src\main\AndroidManifest.xml:74:9-76:40
89            android:name="com.example.umgrade.LoginActivity"
89-->src\main\AndroidManifest.xml:75:13-42
90            android:exported="false" />
90-->src\main\AndroidManifest.xml:76:13-37
91        <activity
91-->src\main\AndroidManifest.xml:77:9-79:40
92            android:name="com.example.umgrade.PostActivity"
92-->src\main\AndroidManifest.xml:78:13-41
93            android:exported="false" />
93-->src\main\AndroidManifest.xml:79:13-37
94        <activity
94-->src\main\AndroidManifest.xml:80:9-82:40
95            android:name="com.example.umgrade.ModifyActivity"
95-->src\main\AndroidManifest.xml:81:13-43
96            android:exported="false" />
96-->src\main\AndroidManifest.xml:82:13-37
97        <activity
97-->src\main\AndroidManifest.xml:83:9-85:40
98            android:name="com.example.umgrade.WriteActivity"
98-->src\main\AndroidManifest.xml:84:13-42
99            android:exported="false" />
99-->src\main\AndroidManifest.xml:85:13-37
100        <activity
100-->src\main\AndroidManifest.xml:86:9-88:40
101            android:name="com.example.umgrade.ServiceActivity"
101-->src\main\AndroidManifest.xml:87:13-44
102            android:exported="false" />
102-->src\main\AndroidManifest.xml:88:13-37
103        <activity
103-->src\main\AndroidManifest.xml:89:9-91:40
104            android:name="com.example.umgrade.JoinActivity"
104-->src\main\AndroidManifest.xml:90:13-41
105            android:exported="false" />
105-->src\main\AndroidManifest.xml:91:13-37
106        <activity
106-->src\main\AndroidManifest.xml:92:9-100:20
107            android:name="com.example.umgrade.IntroActivity"
107-->src\main\AndroidManifest.xml:93:13-42
108            android:exported="true" >
108-->src\main\AndroidManifest.xml:94:13-36
109            <intent-filter>
109-->src\main\AndroidManifest.xml:95:13-99:29
110                <action android:name="android.intent.action.MAIN" />
110-->src\main\AndroidManifest.xml:96:17-69
110-->src\main\AndroidManifest.xml:96:25-66
111
112                <category android:name="android.intent.category.LAUNCHER" />
112-->src\main\AndroidManifest.xml:98:17-77
112-->src\main\AndroidManifest.xml:98:27-74
113            </intent-filter>
114        </activity>
115
116        <service
116-->[com.google.firebase:firebase-firestore:24.1.2] AndroidManifest.xml:17:9-23:19
117            android:name="com.google.firebase.components.ComponentDiscoveryService"
117-->[com.google.firebase:firebase-firestore:24.1.2] AndroidManifest.xml:18:13-84
118            android:directBootAware="true"
118-->[com.google.firebase:firebase-common:20.1.1] AndroidManifest.xml:35:13-43
119            android:exported="false" >
119-->[com.google.firebase:firebase-firestore:24.1.2] AndroidManifest.xml:19:13-37
120            <meta-data
120-->[com.google.firebase:firebase-firestore:24.1.2] AndroidManifest.xml:20:13-22:85
121                android:name="com.google.firebase.components:com.google.firebase.firestore.FirestoreRegistrar"
121-->[com.google.firebase:firebase-firestore:24.1.2] AndroidManifest.xml:21:17-111
122                android:value="com.google.firebase.components.ComponentRegistrar" />
122-->[com.google.firebase:firebase-firestore:24.1.2] AndroidManifest.xml:22:17-82
123        </service>
124
125        <activity
125-->[com.google.android.gms:play-services-base:18.0.1] AndroidManifest.xml:20:9-22:45
126            android:name="com.google.android.gms.common.api.GoogleApiActivity"
126-->[com.google.android.gms:play-services-base:18.0.1] AndroidManifest.xml:20:19-85
127            android:exported="false"
127-->[com.google.android.gms:play-services-base:18.0.1] AndroidManifest.xml:22:19-43
128            android:theme="@android:style/Theme.Translucent.NoTitleBar" />
128-->[com.google.android.gms:play-services-base:18.0.1] AndroidManifest.xml:21:19-78
129
130        <provider
130-->[com.google.firebase:firebase-common:20.1.1] AndroidManifest.xml:26:9-31:39
131            android:name="com.google.firebase.provider.FirebaseInitProvider"
131-->[com.google.firebase:firebase-common:20.1.1] AndroidManifest.xml:27:13-77
132            android:authorities="com.example.umgrade.firebaseinitprovider"
132-->[com.google.firebase:firebase-common:20.1.1] AndroidManifest.xml:28:13-72
133            android:directBootAware="true"
133-->[com.google.firebase:firebase-common:20.1.1] AndroidManifest.xml:29:13-43
134            android:exported="false"
134-->[com.google.firebase:firebase-common:20.1.1] AndroidManifest.xml:30:13-37
135            android:initOrder="100" />
135-->[com.google.firebase:firebase-common:20.1.1] AndroidManifest.xml:31:13-36
136
137        <meta-data
137-->[com.google.android.gms:play-services-basement:18.0.0] AndroidManifest.xml:21:9-23:69
138            android:name="com.google.android.gms.version"
138-->[com.google.android.gms:play-services-basement:18.0.0] AndroidManifest.xml:22:13-58
139            android:value="@integer/google_play_services_version" />
139-->[com.google.android.gms:play-services-basement:18.0.0] AndroidManifest.xml:23:13-66
140
141        <provider
141-->[androidx.emoji2:emoji2:1.0.0] AndroidManifest.xml:26:9-34:20
142            android:name="androidx.startup.InitializationProvider"
142-->[androidx.emoji2:emoji2:1.0.0] AndroidManifest.xml:27:13-67
143            android:authorities="com.example.umgrade.androidx-startup"
143-->[androidx.emoji2:emoji2:1.0.0] AndroidManifest.xml:28:13-68
144            android:exported="false" >
144-->[androidx.emoji2:emoji2:1.0.0] AndroidManifest.xml:29:13-37
145            <meta-data
145-->[androidx.emoji2:emoji2:1.0.0] AndroidManifest.xml:31:13-33:52
146                android:name="androidx.emoji2.text.EmojiCompatInitializer"
146-->[androidx.emoji2:emoji2:1.0.0] AndroidManifest.xml:32:17-75
147                android:value="androidx.startup" />
147-->[androidx.emoji2:emoji2:1.0.0] AndroidManifest.xml:33:17-49
148            <meta-data
148-->[androidx.lifecycle:lifecycle-process:2.4.0] AndroidManifest.xml:31:13-33:52
149                android:name="androidx.lifecycle.ProcessLifecycleInitializer"
149-->[androidx.lifecycle:lifecycle-process:2.4.0] AndroidManifest.xml:32:17-78
150                android:value="androidx.startup" />
150-->[androidx.lifecycle:lifecycle-process:2.4.0] AndroidManifest.xml:33:17-49
151        </provider>
152
153        <activity
153-->[com.journeyapps:zxing-android-embedded:4.3.0] AndroidManifest.xml:47:9-53:63
154            android:name="com.journeyapps.barcodescanner.CaptureActivity"
154-->[com.journeyapps:zxing-android-embedded:4.3.0] AndroidManifest.xml:48:13-74
155            android:clearTaskOnLaunch="true"
155-->[com.journeyapps:zxing-android-embedded:4.3.0] AndroidManifest.xml:49:13-45
156            android:screenOrientation="sensorLandscape"
156-->[com.journeyapps:zxing-android-embedded:4.3.0] AndroidManifest.xml:50:13-56
157            android:stateNotNeeded="true"
157-->[com.journeyapps:zxing-android-embedded:4.3.0] AndroidManifest.xml:51:13-42
158            android:theme="@style/zxing_CaptureTheme"
158-->[com.journeyapps:zxing-android-embedded:4.3.0] AndroidManifest.xml:52:13-54
159            android:windowSoftInputMode="stateAlwaysHidden" />
159-->[com.journeyapps:zxing-android-embedded:4.3.0] AndroidManifest.xml:53:13-60
160    </application>
161
162</manifest>